# JRE version: OpenJDK Runtime Environment (21.0.6) (build 21.0.6+-13368085-b895.109)
# Java VM: OpenJDK 64-Bit Server VM (21.0.6+-13368085-b895.109, mixed mode, tiered, compressed oops, compressed class ptrs, g1 gc, windows-amd64)
GC Precious Log:
 CardTable entry size: 512
 Card Set container configuration: InlinePtr #cards 5 size 8 Array Of Cards #cards 12 size 40 Howl #buckets 4 coarsen threshold 1843 Howl Bitmap #cards 512 size 80 coarsen threshold 460 Card regions per heap region 1 cards per card region 2048
 CPUs: 4 total, 4 available
 Memory: 8049M
 Large Page Support: Disabled
 NUMA Support: Disabled
 Compressed Oops: Enabled (32-bit)
 Heap Region Size: 1M
 Heap Min Capacity: 8M
 Heap Initial Capacity: 126M
 Heap Max Capacity: 2G
 Pre-touch: Disabled
 Parallel Workers: 4
 Concurrent Workers: 1
 Concurrent Refinement Workers: 4
 Periodic GC: Disabled
Heap:
 garbage-first heap   total 80896K, used 56346K [0x0000000080000000, 0x0000000100000000)
  region size 1024K, 14 young (14336K), 3 survivors (3072K)
 Metaspace       used 66763K, committed 68416K, reserved 1114112K
  class space    used 9042K, committed 9856K, reserved 1048576K
GC Heap History (20 events):
Event: 158.764 GC heap before
{Heap before GC invocations=13 (full 0):
 garbage-first heap   total 68608K, used 60306K [0x0000000080000000, 0x0000000100000000)
  region size 1024K, 27 young (27648K), 2 survivors (2048K)
 Metaspace       used 51430K, committed 52928K, reserved 1114112K
  class space    used 6995K, committed 7744K, reserved 1048576K
}
Event: 158.780 GC heap after
{Heap after GC invocations=14 (full 0):
 garbage-first heap   total 68608K, used 36021K [0x0000000080000000, 0x0000000100000000)
  region size 1024K, 4 young (4096K), 4 survivors (4096K)
 Metaspace       used 51430K, committed 52928K, reserved 1114112K
  class space    used 6995K, committed 7744K, reserved 1048576K
}
Event: 170.792 GC heap before
{Heap before GC invocations=15 (full 0):
 garbage-first heap   total 68608K, used 60597K [0x0000000080000000, 0x0000000100000000)
  region size 1024K, 27 young (27648K), 4 survivors (4096K)
 Metaspace       used 55276K, committed 56768K, reserved 1114112K
  class space    used 7437K, committed 8192K, reserved 1048576K
}
Event: 170.812 GC heap after
{Heap after GC invocations=16 (full 0):
 garbage-first heap   total 68608K, used 36590K [0x0000000080000000, 0x0000000100000000)
  region size 1024K, 2 young (2048K), 2 survivors (2048K)
 Metaspace       used 55276K, committed 56768K, reserved 1114112K
  class space    used 7437K, committed 8192K, reserved 1048576K
}
Event: 178.692 GC heap before
{Heap before GC invocations=16 (full 0):
 garbage-first heap   total 68608K, used 62190K [0x0000000080000000, 0x0000000100000000)
  region size 1024K, 27 young (27648K), 2 survivors (2048K)
 Metaspace       used 58854K, committed 60352K, reserved 1114112K
  class space    used 7944K, committed 8704K, reserved 1048576K
}
Event: 178.709 GC heap after
{Heap after GC invocations=17 (full 0):
 garbage-first heap   total 68608K, used 37467K [0x0000000080000000, 0x0000000100000000)
  region size 1024K, 4 young (4096K), 4 survivors (4096K)
 Metaspace       used 58854K, committed 60352K, reserved 1114112K
  class space    used 7944K, committed 8704K, reserved 1048576K
}
Event: 190.323 GC heap before
{Heap before GC invocations=17 (full 0):
 garbage-first heap   total 68608K, used 57947K [0x0000000080000000, 0x0000000100000000)
  region size 1024K, 25 young (25600K), 4 survivors (4096K)
 Metaspace       used 61809K, committed 63360K, reserved 1114112K
  class space    used 8402K, committed 9152K, reserved 1048576K
}
Event: 190.350 GC heap after
{Heap after GC invocations=18 (full 0):
 garbage-first heap   total 68608K, used 39164K [0x0000000080000000, 0x0000000100000000)
  region size 1024K, 4 young (4096K), 4 survivors (4096K)
 Metaspace       used 61809K, committed 63360K, reserved 1114112K
  class space    used 8402K, committed 9152K, reserved 1048576K
}
Event: 201.753 GC heap before
{Heap before GC invocations=19 (full 0):
 garbage-first heap   total 68608K, used 59644K [0x0000000080000000, 0x0000000100000000)
  region size 1024K, 24 young (24576K), 4 survivors (4096K)
 Metaspace       used 64330K, committed 66048K, reserved 1114112K
  class space    used 8796K, committed 9664K, reserved 1048576K
}
Event: 201.768 GC heap after
{Heap after GC invocations=20 (full 0):
 garbage-first heap   total 68608K, used 40775K [0x0000000080000000, 0x0000000100000000)
  region size 1024K, 2 young (2048K), 2 survivors (2048K)
 Metaspace       used 64330K, committed 66048K, reserved 1114112K
  class space    used 8796K, committed 9664K, reserved 1048576K
}
Event: 208.921 GC heap before
{Heap before GC invocations=20 (full 0):
 garbage-first heap   total 68608K, used 60231K [0x0000000080000000, 0x0000000100000000)
  region size 1024K, 22 young (22528K), 2 survivors (2048K)
 Metaspace       used 65796K, committed 67456K, reserved 1114112K
  class space    used 8971K, committed 9792K, reserved 1048576K
}
Event: 208.946 GC heap after
{Heap after GC invocations=21 (full 0):
 garbage-first heap   total 68608K, used 42833K [0x0000000080000000, 0x0000000100000000)
  region size 1024K, 3 young (3072K), 3 survivors (3072K)
 Metaspace       used 65796K, committed 67456K, reserved 1114112K
  class space    used 8971K, committed 9792K, reserved 1048576K
}
Event: 214.610 GC heap before
{Heap before GC invocations=21 (full 0):
 garbage-first heap   total 68608K, used 60241K [0x0000000080000000, 0x0000000100000000)
  region size 1024K, 21 young (21504K), 3 survivors (3072K)
 Metaspace       used 66198K, committed 67904K, reserved 1114112K
  class space    used 9015K, committed 9856K, reserved 1048576K
}
Event: 214.636 GC heap after
{Heap after GC invocations=22 (full 0):
 garbage-first heap   total 68608K, used 46232K [0x0000000080000000, 0x0000000100000000)
  region size 1024K, 3 young (3072K), 3 survivors (3072K)
 Metaspace       used 66198K, committed 67904K, reserved 1114112K
  class space    used 9015K, committed 9856K, reserved 1048576K
}
Event: 217.228 GC heap before
{Heap before GC invocations=23 (full 0):
 garbage-first heap   total 78848K, used 59544K [0x0000000080000000, 0x0000000100000000)
  region size 1024K, 16 young (16384K), 3 survivors (3072K)
 Metaspace       used 66301K, committed 68032K, reserved 1114112K
  class space    used 9015K, committed 9856K, reserved 1048576K
}
Event: 217.240 GC heap after
{Heap after GC invocations=24 (full 0):
 garbage-first heap   total 78848K, used 46355K [0x0000000080000000, 0x0000000100000000)
  region size 1024K, 2 young (2048K), 2 survivors (2048K)
 Metaspace       used 66301K, committed 68032K, reserved 1114112K
  class space    used 9015K, committed 9856K, reserved 1048576K
}
Event: 220.789 GC heap before
{Heap before GC invocations=24 (full 0):
 garbage-first heap   total 78848K, used 68883K [0x0000000080000000, 0x0000000100000000)
  region size 1024K, 25 young (25600K), 2 survivors (2048K)
 Metaspace       used 66646K, committed 68352K, reserved 1114112K
  class space    used 9042K, committed 9856K, reserved 1048576K
}
Event: 220.803 GC heap after
{Heap after GC invocations=25 (full 0):
 garbage-first heap   total 78848K, used 46373K [0x0000000080000000, 0x0000000100000000)
  region size 1024K, 4 young (4096K), 4 survivors (4096K)
 Metaspace       used 66646K, committed 68352K, reserved 1114112K
  class space    used 9042K, committed 9856K, reserved 1048576K
}
Event: 223.875 GC heap before
{Heap before GC invocations=25 (full 0):
 garbage-first heap   total 78848K, used 66853K [0x0000000080000000, 0x0000000100000000)
  region size 1024K, 25 young (25600K), 4 survivors (4096K)
 Metaspace       used 66762K, committed 68416K, reserved 1114112K
  class space    used 9042K, committed 9856K, reserved 1048576K
}
Event: 223.889 GC heap after
{Heap after GC invocations=26 (full 0):
 garbage-first heap   total 78848K, used 47130K [0x0000000080000000, 0x0000000100000000)
  region size 1024K, 3 young (3072K), 3 survivors (3072K)
 Metaspace       used 66762K, committed 68416K, reserved 1114112K
  class space    used 9042K, committed 9856K, reserved 1048576K
}

